[26/Mar/2021:17:26:08] (I): WordPress Instance Info:
[26/Mar/2021:17:26:08] (I): Home URL : http://localhost/estsb
[26/Mar/2021:17:26:08] (I): Site URL : http://localhost/estsb
[26/Mar/2021:17:26:08] (I): WordPress Version : 5.7
[26/Mar/2021:17:26:08] (I): Onboarding Version : 1.1.6
[26/Mar/2021:17:26:08] (I): Multisite : No
[26/Mar/2021:17:26:08] (I): Server Info : Apache/2.4.46 (Win64) PHP/7.4.9
[26/Mar/2021:17:26:08] (I): PHP Version : 7.4.9
[26/Mar/2021:17:26:08] (I): HTTPS : No
[26/Mar/2021:17:26:08] (I): PHP Max Execution Time : 120
[26/Mar/2021:17:26:08] (I): PHP Max Input Vars : 2500
[26/Mar/2021:17:26:08] (I): Max Upload Size : 2097152
[26/Mar/2021:17:26:08] (I): Plugins:
[26/Mar/2021:17:26:08] (I): [PLUGIN] Elementor : v3.1.4 (Elementor.com)
[26/Mar/2021:17:26:08] (I): [PLUGIN] Templates Patterns Collection : v1.1.6 (ThemeIsle)
[26/Mar/2021:17:26:08] (I): [PLUGIN] Orbit Fox Companion : v2.10.4 (Themeisle)
[26/Mar/2021:17:26:08] (P): Saving remote XML
[26/Mar/2021:17:26:08] (S): Saved remote XML at path C:\wamp64\www\estsb/wp-content/uploads/themeisle-demo-import.xml.
[26/Mar/2021:17:26:08] (P): Starting content import...
[26/Mar/2021:17:26:08] (S): Import started.
[26/Mar/2021:17:26:08] (S): Parsing XML file.
[26/Mar/2021:17:26:08] (P): Starting parsing file:C:\wamp64\www\estsb/wp-content/uploads/themeisle-demo-import.xml
[26/Mar/2021:17:26:08] (P): Using WXR_Parser_SimpleXML...
[26/Mar/2021:17:26:08] (S): Parsed XML
[26/Mar/2021:17:26:08] (P): Processing categories...
[26/Mar/2021:17:26:08] (S): Processed categories.
[26/Mar/2021:17:26:08] (P): Processing tags...
[26/Mar/2021:17:26:08] (S): No tags to process.
[26/Mar/2021:17:26:08] (P): Processing terms...
[26/Mar/2021:17:26:08] (W): Failed to import product_tag apple
[26/Mar/2021:17:26:08] (E): Taxonomie non valide.
[26/Mar/2021:17:26:08] (W): Failed to import product_tag bananas
[26/Mar/2021:17:26:08] (E): Taxonomie non valide.
[26/Mar/2021:17:26:08] (W): Failed to import product_tag bannanas
[26/Mar/2021:17:26:08] (E): Taxonomie non valide.
[26/Mar/2021:17:26:08] (W): Failed to import product_tag beet
[26/Mar/2021:17:26:08] (E): Taxonomie non valide.
[26/Mar/2021:17:26:08] (W): Failed to import product_tag carrot
[26/Mar/2021:17:26:08] (E): Taxonomie non valide.
[26/Mar/2021:17:26:08] (W): Failed to import product_tag cucumber
[26/Mar/2021:17:26:08] (E): Taxonomie non valide.
[26/Mar/2021:17:26:08] (W): Failed to import product_visibility exclude-from-catalog
[26/Mar/2021:17:26:08] (E): Taxonomie non valide.
[26/Mar/2021:17:26:08] (W): Failed to import product_visibility exclude-from-search
[26/Mar/2021:17:26:08] (E): Taxonomie non valide.
[26/Mar/2021:17:26:08] (W): Failed to import product_type external
[26/Mar/2021:17:26:08] (E): Taxonomie non valide.
[26/Mar/2021:17:26:08] (W): Failed to import product_visibility featured
[26/Mar/2021:17:26:08] (E): Taxonomie non valide.
[26/Mar/2021:17:26:08] (W): Failed to import product_tag fersh
[26/Mar/2021:17:26:08] (E): Taxonomie non valide.
[26/Mar/2021:17:26:08] (W): Failed to import product_tag fresh
[26/Mar/2021:17:26:08] (E): Taxonomie non valide.
[26/Mar/2021:17:26:08] (W): Failed to import product_cat Fresh
[26/Mar/2021:17:26:08] (E): Taxonomie non valide.
[26/Mar/2021:17:26:08] (W): Failed to import product_tag fruits
[26/Mar/2021:17:26:08] (E): Taxonomie non valide.
[26/Mar/2021:17:26:08] (W): Failed to import product_cat Fruits smoothies
[26/Mar/2021:17:26:08] (E): Taxonomie non valide.
[26/Mar/2021:17:26:08] (W): Failed to import product_type grouped
[26/Mar/2021:17:26:08] (E): Taxonomie non valide.
[26/Mar/2021:17:26:08] (W): Failed to import product_tag healthy
[26/Mar/2021:17:26:08] (E): Taxonomie non valide.
[26/Mar/2021:17:26:08] (W): Failed to import product_tag kiwi
[26/Mar/2021:17:26:08] (E): Taxonomie non valide.
[26/Mar/2021:17:26:08] (W): Failed to import product_tag lemon
[26/Mar/2021:17:26:08] (E): Taxonomie non valide.
[26/Mar/2021:17:26:08] (W): Failed to import product_tag lemons
[26/Mar/2021:17:26:08] (E): Taxonomie non valide.
[26/Mar/2021:17:26:08] (W): Failed to import product_tag lime
[26/Mar/2021:17:26:08] (E): Taxonomie non valide.
[26/Mar/2021:17:26:08] (W): Failed to import product_cat Mix
[26/Mar/2021:17:26:08] (E): Taxonomie non valide.
[26/Mar/2021:17:26:08] (W): Failed to import product_tag mix
[26/Mar/2021:17:26:08] (E): Taxonomie non valide.
[26/Mar/2021:17:26:08] (W): Failed to import product_tag oranges
[26/Mar/2021:17:26:08] (E): Taxonomie non valide.
[26/Mar/2021:17:26:08] (W): Failed to import product_visibility outofstock
[26/Mar/2021:17:26:08] (E): Taxonomie non valide.
[26/Mar/2021:17:26:08] (W): Failed to import product_tag peppermint
[26/Mar/2021:17:26:08] (E): Taxonomie non valide.
[26/Mar/2021:17:26:08] (W): Failed to import product_visibility rated-1
[26/Mar/2021:17:26:08] (E): Taxonomie non valide.
[26/Mar/2021:17:26:08] (W): Failed to import product_visibility rated-2
[26/Mar/2021:17:26:08] (E): Taxonomie non valide.
[26/Mar/2021:17:26:08] (W): Failed to import product_visibility rated-3
[26/Mar/2021:17:26:08] (E): Taxonomie non valide.
[26/Mar/2021:17:26:08] (W): Failed to import product_visibility rated-4
[26/Mar/2021:17:26:08] (E): Taxonomie non valide.
[26/Mar/2021:17:26:08] (W): Failed to import product_visibility rated-5
[26/Mar/2021:17:26:08] (E): Taxonomie non valide.
[26/Mar/2021:17:26:09] (W): Failed to import product_tag seed
[26/Mar/2021:17:26:09] (E): Taxonomie non valide.
[26/Mar/2021:17:26:09] (W): Failed to import product_type simple
[26/Mar/2021:17:26:09] (E): Taxonomie non valide.
[26/Mar/2021:17:26:09] (W): Failed to import product_tag smoothie
[26/Mar/2021:17:26:09] (E): Taxonomie non valide.
[26/Mar/2021:17:26:09] (W): Failed to import product_tag strawberry
[26/Mar/2021:17:26:09] (E): Taxonomie non valide.
[26/Mar/2021:17:26:09] (W): Failed to import product_tag sugar
[26/Mar/2021:17:26:09] (E): Taxonomie non valide.
[26/Mar/2021:17:26:09] (W): Failed to import product_tag sweet
[26/Mar/2021:17:26:09] (E): Taxonomie non valide.
[26/Mar/2021:17:26:09] (W): Failed to import product_cat Uncategorized
[26/Mar/2021:17:26:09] (E): Taxonomie non valide.
[26/Mar/2021:17:26:09] (W): Failed to import product_type variable
[26/Mar/2021:17:26:09] (E): Taxonomie non valide.
[26/Mar/2021:17:26:09] (W): Failed to import product_tag vegetables
[26/Mar/2021:17:26:09] (E): Taxonomie non valide.
[26/Mar/2021:17:26:09] (W): Failed to import product_cat Vegetables smoothies
[26/Mar/2021:17:26:09] (E): Taxonomie non valide.
[26/Mar/2021:17:26:09] (W): Failed to import product_tag water
[26/Mar/2021:17:26:09] (E): Taxonomie non valide.
[26/Mar/2021:17:26:09] (S): Processed terms.
[26/Mar/2021:17:26:09] (P): Processing posts...
[26/Mar/2021:17:26:09] (P): Processing attachment: https://s33834.pcdn.co/onboarding/wp-content/uploads/sites/173/2018/11/neve-facebook.png...
[26/Mar/2021:17:26:09] (P): Fetching attachment from url: https://s33834.pcdn.co/onboarding/wp-content/uploads/sites/173/2018/11/neve-facebook.png...
[26/Mar/2021:17:26:09] (S): Fetched remote attachment.
[26/Mar/2021:17:26:09] (P): Inserting attachment...
[26/Mar/2021:17:26:09] (S): Attachment inserted
[26/Mar/2021:17:26:09] (S): Processed attachment.
[26/Mar/2021:17:26:09] (P): Processing attachment: https://s33834.pcdn.co/onboarding/wp-content/uploads/sites/173/2018/11/neve-twitter.png...
[26/Mar/2021:17:26:09] (P): Fetching attachment from url: https://s33834.pcdn.co/onboarding/wp-content/uploads/sites/173/2018/11/neve-twitter.png...
[26/Mar/2021:17:26:09] (S): Fetched remote attachment.
[26/Mar/2021:17:26:09] (P): Inserting attachment...
[26/Mar/2021:17:26:09] (S): Attachment inserted
[26/Mar/2021:17:26:09] (S): Processed attachment.
[26/Mar/2021:17:26:09] (P): Processing attachment: https://s33834.pcdn.co/onboarding/wp-content/uploads/sites/173/2018/11/neve-instagram.png...
[26/Mar/2021:17:26:09] (P): Fetching attachment from url: https://s33834.pcdn.co/onboarding/wp-content/uploads/sites/173/2018/11/neve-instagram.png...
[26/Mar/2021:17:26:10] (S): Fetched remote attachment.
[26/Mar/2021:17:26:10] (P): Inserting attachment...
[26/Mar/2021:17:26:10] (S): Attachment inserted
[26/Mar/2021:17:26:10] (S): Processed attachment.
[26/Mar/2021:17:26:10] (P): Processing attachment: https://s33834.pcdn.co/onboarding/wp-content/uploads/sites/173/2018/11/neve-googleplus.png...
[26/Mar/2021:17:26:10] (P): Fetching attachment from url: https://s33834.pcdn.co/onboarding/wp-content/uploads/sites/173/2018/11/neve-googleplus.png...
[26/Mar/2021:17:26:10] (S): Fetched remote attachment.
[26/Mar/2021:17:26:10] (P): Inserting attachment...
[26/Mar/2021:17:26:10] (S): Attachment inserted
[26/Mar/2021:17:26:10] (S): Processed attachment.
[26/Mar/2021:17:26:10] (P): Processing attachment: https://s33834.pcdn.co/onboarding/wp-content/uploads/sites/173/2018/11/neve-play.png...
[26/Mar/2021:17:26:10] (P): Fetching attachment from url: https://s33834.pcdn.co/onboarding/wp-content/uploads/sites/173/2018/11/neve-play.png...
[26/Mar/2021:17:26:11] (S): Fetched remote attachment.
[26/Mar/2021:17:26:11] (P): Inserting attachment...
[26/Mar/2021:17:26:11] (S): Attachment inserted
[26/Mar/2021:17:26:11] (S): Processed attachment.
[26/Mar/2021:17:26:11] (P): Processing attachment: https://s33834.pcdn.co/onboarding/wp-content/uploads/sites/173/2018/12/nv-1.jpg...
[26/Mar/2021:17:26:11] (P): Fetching attachment from url: https://s33834.pcdn.co/onboarding/wp-content/uploads/sites/173/2018/12/nv-1.jpg...
[26/Mar/2021:17:26:11] (S): Fetched remote attachment.
[26/Mar/2021:17:26:11] (P): Inserting attachment...
[26/Mar/2021:17:26:11] (S): Attachment inserted
[26/Mar/2021:17:26:11] (S): Processed attachment.
[26/Mar/2021:17:26:11] (P): Processing attachment: https://s33834.pcdn.co/onboarding/wp-content/uploads/sites/173/2018/12/neve-business-growth-1.png...
[26/Mar/2021:17:26:11] (P): Fetching attachment from url: https://s33834.pcdn.co/onboarding/wp-content/uploads/sites/173/2018/12/neve-business-growth-1.png...
[26/Mar/2021:17:26:12] (S): Fetched remote attachment.
[26/Mar/2021:17:26:12] (P): Inserting attachment...
[26/Mar/2021:17:26:12] (S): Attachment inserted
[26/Mar/2021:17:26:12] (S): Processed attachment.
[26/Mar/2021:17:26:12] (P): Processing attachment: https://s33834.pcdn.co/onboarding/wp-content/uploads/sites/173/2018/12/neve-dollar-1.png...
[26/Mar/2021:17:26:12] (P): Fetching attachment from url: https://s33834.pcdn.co/onboarding/wp-content/uploads/sites/173/2018/12/neve-dollar-1.png...
[26/Mar/2021:17:26:12] (S): Fetched remote attachment.
[26/Mar/2021:17:26:12] (P): Inserting attachment...
[26/Mar/2021:17:26:12] (S): Attachment inserted
[26/Mar/2021:17:26:12] (S): Processed attachment.
[26/Mar/2021:17:26:12] (P): Processing attachment: https://s33834.pcdn.co/onboarding/wp-content/uploads/sites/173/2018/12/neve-clock-1.png...
[26/Mar/2021:17:26:12] (P): Fetching attachment from url: https://s33834.pcdn.co/onboarding/wp-content/uploads/sites/173/2018/12/neve-clock-1.png...
[26/Mar/2021:17:26:13] (S): Fetched remote attachment.
[26/Mar/2021:17:26:13] (P): Inserting attachment...
[26/Mar/2021:17:26:13] (S): Attachment inserted
[26/Mar/2021:17:26:13] (S): Processed attachment.
[26/Mar/2021:17:26:13] (P): Processing attachment: https://s33834.pcdn.co/onboarding/wp-content/uploads/sites/173/2018/12/neve-smile-1.png...
[26/Mar/2021:17:26:13] (P): Fetching attachment from url: https://s33834.pcdn.co/onboarding/wp-content/uploads/sites/173/2018/12/neve-smile-1.png...
[26/Mar/2021:17:26:18] (S): Fetched remote attachment.
[26/Mar/2021:17:26:18] (P): Inserting attachment...
[26/Mar/2021:17:26:18] (S): Attachment inserted
[26/Mar/2021:17:26:18] (S): Processed attachment.
[26/Mar/2021:17:26:18] (P): Processing attachment: https://s33834.pcdn.co/onboarding/wp-content/uploads/sites/173/2018/12/neve-envelope-1.png...
[26/Mar/2021:17:26:18] (P): Fetching attachment from url: https://s33834.pcdn.co/onboarding/wp-content/uploads/sites/173/2018/12/neve-envelope-1.png...
[26/Mar/2021:17:26:18] (S): Fetched remote attachment.
[26/Mar/2021:17:26:18] (P): Inserting attachment...
[26/Mar/2021:17:26:18] (S): Attachment inserted
[26/Mar/2021:17:26:18] (S): Processed attachment.
[26/Mar/2021:17:26:18] (P): Processing attachment: https://s33834.pcdn.co/onboarding/wp-content/uploads/sites/173/2018/12/neve-map-1.png...
[26/Mar/2021:17:26:18] (P): Fetching attachment from url: https://s33834.pcdn.co/onboarding/wp-content/uploads/sites/173/2018/12/neve-map-1.png...
[26/Mar/2021:17:26:19] (S): Fetched remote attachment.
[26/Mar/2021:17:26:19] (P): Inserting attachment...
[26/Mar/2021:17:26:19] (S): Attachment inserted
[26/Mar/2021:17:26:19] (S): Processed attachment.
[26/Mar/2021:17:26:19] (P): Processing attachment: https://s33834.pcdn.co/onboarding/wp-content/uploads/sites/173/2018/12/neve-photography-1.png...
[26/Mar/2021:17:26:19] (P): Fetching attachment from url: https://s33834.pcdn.co/onboarding/wp-content/uploads/sites/173/2018/12/neve-photography-1.png...
[26/Mar/2021:17:26:24] (S): Fetched remote attachment.
[26/Mar/2021:17:26:24] (P): Inserting attachment...
[26/Mar/2021:17:26:24] (S): Attachment inserted
[26/Mar/2021:17:26:24] (S): Processed attachment.
[26/Mar/2021:17:26:24] (P): Processing attachment: https://s33834.pcdn.co/onboarding/wp-content/uploads/sites/173/2018/12/neve-phone-1.png...
[26/Mar/2021:17:26:24] (P): Fetching attachment from url: https://s33834.pcdn.co/onboarding/wp-content/uploads/sites/173/2018/12/neve-phone-1.png...
[26/Mar/2021:17:26:25] (S): Fetched remote attachment.
[26/Mar/2021:17:26:25] (P): Inserting attachment...
[26/Mar/2021:17:26:25] (S): Attachment inserted
[26/Mar/2021:17:26:25] (S): Processed attachment.
[26/Mar/2021:17:26:25] (P): Processing attachment: https://s33834.pcdn.co/onboarding/wp-content/uploads/sites/173/2018/12/neve-chart-up-1.png...
[26/Mar/2021:17:26:25] (P): Fetching attachment from url: https://s33834.pcdn.co/onboarding/wp-content/uploads/sites/173/2018/12/neve-chart-up-1.png...
[26/Mar/2021:17:26:25] (S): Fetched remote attachment.
[26/Mar/2021:17:26:25] (P): Inserting attachment...
[26/Mar/2021:17:26:25] (S): Attachment inserted
[26/Mar/2021:17:26:25] (S): Processed attachment.
[26/Mar/2021:17:26:25] (P): Processing attachment: https://s33834.pcdn.co/onboarding/wp-content/uploads/sites/173/2018/12/neve-user-1.png...
[26/Mar/2021:17:26:25] (P): Fetching attachment from url: https://s33834.pcdn.co/onboarding/wp-content/uploads/sites/173/2018/12/neve-user-1.png...
[26/Mar/2021:17:26:30] (S): Fetched remote attachment.
[26/Mar/2021:17:26:30] (P): Inserting attachment...
[26/Mar/2021:17:26:30] (S): Attachment inserted
[26/Mar/2021:17:26:30] (S): Processed attachment.
[26/Mar/2021:17:26:30] (P): Processing attachment: https://s33834.pcdn.co/onboarding/wp-content/uploads/sites/173/2018/12/neve-heart-1.png...
[26/Mar/2021:17:26:30] (P): Fetching attachment from url: https://s33834.pcdn.co/onboarding/wp-content/uploads/sites/173/2018/12/neve-heart-1.png...
[26/Mar/2021:17:26:31] (S): Fetched remote attachment.
[26/Mar/2021:17:26:31] (P): Inserting attachment...
[26/Mar/2021:17:26:31] (S): Attachment inserted
[26/Mar/2021:17:26:31] (S): Processed attachment.
[26/Mar/2021:17:26:31] (P): Processing attachment: https://s33834.pcdn.co/onboarding/wp-content/uploads/sites/173/2018/12/neve-gift-1.png...
[26/Mar/2021:17:26:31] (P): Fetching attachment from url: https://s33834.pcdn.co/onboarding/wp-content/uploads/sites/173/2018/12/neve-gift-1.png...
[26/Mar/2021:17:26:31] (S): Fetched remote attachment.
[26/Mar/2021:17:26:31] (P): Inserting attachment...
[26/Mar/2021:17:26:31] (S): Attachment inserted
[26/Mar/2021:17:26:31] (S): Processed attachment.
[26/Mar/2021:17:26:31] (P): Processing attachment: https://s33834.pcdn.co/onboarding/wp-content/uploads/sites/173/2018/12/nv-5.jpg...
[26/Mar/2021:17:26:31] (P): Fetching attachment from url: https://s33834.pcdn.co/onboarding/wp-content/uploads/sites/173/2018/12/nv-5.jpg...
[26/Mar/2021:17:26:32] (S): Fetched remote attachment.
[26/Mar/2021:17:26:32] (P): Inserting attachment...
[26/Mar/2021:17:26:32] (S): Attachment inserted
[26/Mar/2021:17:26:32] (S): Processed attachment.
[26/Mar/2021:17:26:32] (P): Processing attachment: https://s33834.pcdn.co/onboarding/wp-content/uploads/sites/173/2018/12/nv-4.jpg...
[26/Mar/2021:17:26:32] (P): Fetching attachment from url: https://s33834.pcdn.co/onboarding/wp-content/uploads/sites/173/2018/12/nv-4.jpg...
[26/Mar/2021:17:47:34] (E): Remote server did not respond
[26/Mar/2021:17:47:34] (E): {"errors":{"import_file_error":["Remote server did not respond"]},"error_data":[]}
[26/Mar/2021:17:47:34] (E): Failed to import Fichier média nv-4 . Remote server did not respond
[26/Mar/2021:17:47:34] (P): Processing attachment: https://s33834.pcdn.co/onboarding/wp-content/uploads/sites/173/2018/12/nv-6.jpg...
[26/Mar/2021:17:47:34] (P): Fetching attachment from url: https://s33834.pcdn.co/onboarding/wp-content/uploads/sites/173/2018/12/nv-6.jpg...
[26/Mar/2021:17:47:34] (E): Remote server did not respond
[26/Mar/2021:17:47:34] (E): {"errors":{"import_file_error":["Remote server did not respond"]},"error_data":[]}
[26/Mar/2021:17:47:34] (E): Failed to import Fichier média nv-6 . Remote server did not respond
[26/Mar/2021:17:47:34] (P): Processing attachment: https://s33834.pcdn.co/onboarding/wp-content/uploads/sites/173/2018/12/nv-testimonial-signature.png...
[26/Mar/2021:17:47:34] (P): Fetching attachment from url: https://s33834.pcdn.co/onboarding/wp-content/uploads/sites/173/2018/12/nv-testimonial-signature.png...
[26/Mar/2021:17:47:34] (E): Remote server did not respond
[26/Mar/2021:17:47:34] (E): {"errors":{"import_file_error":["Remote server did not respond"]},"error_data":[]}
[26/Mar/2021:17:47:34] (E): Failed to import Fichier média nv-testimonial-signature . Remote server did not respond
[26/Mar/2021:17:47:34] (P): Processing attachment: https://s33834.pcdn.co/onboarding/wp-content/uploads/sites/173/2018/12/alexis-blockquote6.jpg...
[26/Mar/2021:17:47:34] (P): Fetching attachment from url: https://s33834.pcdn.co/onboarding/wp-content/uploads/sites/173/2018/12/alexis-blockquote6.jpg...
[26/Mar/2021:17:47:34] (E): Remote server did not respond
[26/Mar/2021:17:47:34] (E): {"errors":{"import_file_error":["Remote server did not respond"]},"error_data":[]}
[26/Mar/2021:17:47:34] (E): Failed to import Fichier média alexis-blockquote6 . Remote server did not respond
[26/Mar/2021:17:47:34] (P): Processing attachment: https://s33834.pcdn.co/onboarding/wp-content/uploads/sites/173/2018/12/neve-unlimited-revisions2.png...
[26/Mar/2021:17:47:34] (P): Fetching attachment from url: https://s33834.pcdn.co/onboarding/wp-content/uploads/sites/173/2018/12/neve-unlimited-revisions2.png...
[26/Mar/2021:17:47:34] (E): Remote server did not respond
[26/Mar/2021:17:47:34] (E): {"errors":{"import_file_error":["Remote server did not respond"]},"error_data":[]}
[26/Mar/2021:17:47:34] (E): Failed to import Fichier média unlimited-revisions2 . Remote server did not respond
[26/Mar/2021:17:47:34] (P): Processing attachment: https://s33834.pcdn.co/onboarding/wp-content/uploads/sites/173/2018/12/neve-ultimate-perfection-1.png...
[26/Mar/2021:17:47:34] (P): Fetching attachment from url: https://s33834.pcdn.co/onboarding/wp-content/uploads/sites/173/2018/12/neve-ultimate-perfection-1.png...
[26/Mar/2021:17:47:34] (E): Remote server did not respond
[26/Mar/2021:17:47:34] (E): {"errors":{"import_file_error":["Remote server did not respond"]},"error_data":[]}
[26/Mar/2021:17:47:34] (E): Failed to import Fichier média ultimate-perfection-1 . Remote server did not respond
[26/Mar/2021:17:47:34] (P): Processing attachment: https://s33834.pcdn.co/onboarding/wp-content/uploads/sites/173/2018/12/neve-smart-experience1.png...
[26/Mar/2021:17:47:34] (P): Fetching attachment from url: https://s33834.pcdn.co/onboarding/wp-content/uploads/sites/173/2018/12/neve-smart-experience1.png...
[26/Mar/2021:17:47:34] (E): Remote server did not respond
[26/Mar/2021:17:47:34] (E): {"errors":{"import_file_error":["Remote server did not respond"]},"error_data":[]}
[26/Mar/2021:17:47:34] (E): Failed to import Fichier média smart-experience1 . Remote server did not respond
[26/Mar/2021:17:47:34] (P): Processing attachment: https://s33834.pcdn.co/onboarding/wp-content/uploads/sites/173/2018/12/neve-strict-deadline1.png...
[26/Mar/2021:17:47:34] (P): Fetching attachment from url: https://s33834.pcdn.co/onboarding/wp-content/uploads/sites/173/2018/12/neve-strict-deadline1.png...
[26/Mar/2021:17:47:34] (E): Remote server did not respond
[26/Mar/2021:17:47:34] (E): {"errors":{"import_file_error":["Remote server did not respond"]},"error_data":[]}
[26/Mar/2021:17:47:34] (E): Failed to import Fichier média strict-deadline1 . Remote server did not respond
[26/Mar/2021:17:47:34] (P): Processing attachment: https://s33834.pcdn.co/onboarding/wp-content/uploads/sites/173/2018/12/neve-reputed-copmany1.png...
[26/Mar/2021:17:47:34] (P): Fetching attachment from url: https://s33834.pcdn.co/onboarding/wp-content/uploads/sites/173/2018/12/neve-reputed-copmany1.png...
[26/Mar/2021:17:47:34] (E): Remote server did not respond
[26/Mar/2021:17:47:34] (E): {"errors":{"import_file_error":["Remote server did not respond"]},"error_data":[]}
[26/Mar/2021:17:47:34] (E): Failed to import Fichier média reputed-copmany1 . Remote server did not respond
[26/Mar/2021:17:47:34] (P): Processing attachment: https://s33834.pcdn.co/onboarding/wp-content/uploads/sites/173/2018/12/nv-team1-4.jpg...
[26/Mar/2021:17:47:34] (P): Fetching attachment from url: https://s33834.pcdn.co/onboarding/wp-content/uploads/sites/173/2018/12/nv-team1-4.jpg...
[26/Mar/2021:17:47:34] (E): Remote server did not respond
[26/Mar/2021:17:47:34] (E): {"errors":{"import_file_error":["Remote server did not respond"]},"error_data":[]}
[26/Mar/2021:17:47:34] (E): Failed to import Fichier média nv-team1-4 . Remote server did not respond
[26/Mar/2021:17:47:34] (P): Processing attachment: https://s33834.pcdn.co/onboarding/wp-content/uploads/sites/173/2018/12/nv-team2-1.jpg...
[26/Mar/2021:17:47:34] (P): Fetching attachment from url: https://s33834.pcdn.co/onboarding/wp-content/uploads/sites/173/2018/12/nv-team2-1.jpg...
[26/Mar/2021:17:47:34] (E): Remote server did not respond
[26/Mar/2021:17:47:34] (E): {"errors":{"import_file_error":["Remote server did not respond"]},"error_data":[]}
[26/Mar/2021:17:47:34] (E): Failed to import Fichier média nv-team2-1 . Remote server did not respond
[26/Mar/2021:17:47:34] (P): Processing attachment: https://s33834.pcdn.co/onboarding/wp-content/uploads/sites/173/2018/12/nv-team3-1.jpg...
[26/Mar/2021:17:47:34] (P): Fetching attachment from url: https://s33834.pcdn.co/onboarding/wp-content/uploads/sites/173/2018/12/nv-team3-1.jpg...
[26/Mar/2021:17:47:34] (E): Remote server did not respond
[26/Mar/2021:17:47:34] (E): {"errors":{"import_file_error":["Remote server did not respond"]},"error_data":[]}
[26/Mar/2021:17:47:34] (E): Failed to import Fichier média nv-team3-1 . Remote server did not respond
[26/Mar/2021:17:47:34] (P): Processing attachment: https://s33834.pcdn.co/onboarding/wp-content/uploads/sites/173/2018/12/nv-team4-1.jpg...
[26/Mar/2021:17:47:34] (P): Fetching attachment from url: https://s33834.pcdn.co/onboarding/wp-content/uploads/sites/173/2018/12/nv-team4-1.jpg...
[26/Mar/2021:17:47:34] (E): Remote server did not respond
[26/Mar/2021:17:47:34] (E): {"errors":{"import_file_error":["Remote server did not respond"]},"error_data":[]}
[26/Mar/2021:17:47:34] (E): Failed to import Fichier média nv-team4-1 . Remote server did not respond
[26/Mar/2021:17:47:34] (P): Processing attachment: https://s33834.pcdn.co/onboarding/wp-content/uploads/sites/173/2019/03/orages-smoothie1.jpg...
[26/Mar/2021:17:47:34] (P): Fetching attachment from url: https://s33834.pcdn.co/onboarding/wp-content/uploads/sites/173/2019/03/orages-smoothie1.jpg...
[26/Mar/2021:17:47:34] (E): Remote server did not respond
[26/Mar/2021:17:47:34] (E): {"errors":{"import_file_error":["Remote server did not respond"]},"error_data":[]}
[26/Mar/2021:17:47:34] (E): Failed to import Fichier média orages-smoothie1.jpg . Remote server did not respond
[26/Mar/2021:17:47:34] (P): Processing attachment: https://s33834.pcdn.co/onboarding/wp-content/uploads/sites/173/2019/03/banana-strawbery-smoothie1.jpg...
[26/Mar/2021:17:47:34] (P): Fetching attachment from url: https://s33834.pcdn.co/onboarding/wp-content/uploads/sites/173/2019/03/banana-strawbery-smoothie1.jpg...
[26/Mar/2021:17:47:34] (E): Remote server did not respond
[26/Mar/2021:17:47:34] (E): {"errors":{"import_file_error":["Remote server did not respond"]},"error_data":[]}
[26/Mar/2021:17:47:34] (E): Failed to import Fichier média banana-strawbery-smoothie1.jpg . Remote server did not respond
[26/Mar/2021:17:47:34] (P): Processing attachment: https://s33834.pcdn.co/onboarding/wp-content/uploads/sites/173/2019/03/cucumber-water1.jpg...
[26/Mar/2021:17:47:34] (P): Fetching attachment from url: https://s33834.pcdn.co/onboarding/wp-content/uploads/sites/173/2019/03/cucumber-water1.jpg...
[26/Mar/2021:17:47:34] (E): Remote server did not respond
[26/Mar/2021:17:47:34] (E): {"errors":{"import_file_error":["Remote server did not respond"]},"error_data":[]}
[26/Mar/2021:17:47:34] (E): Failed to import Fichier média cucumber-water1.jpg . Remote server did not respond
[26/Mar/2021:17:47:34] (P): Processing attachment: https://s33834.pcdn.co/onboarding/wp-content/uploads/sites/173/2019/03/lemonade1.jpg...
[26/Mar/2021:17:47:34] (P): Fetching attachment from url: https://s33834.pcdn.co/onboarding/wp-content/uploads/sites/173/2019/03/lemonade1.jpg...
[26/Mar/2021:17:47:34] (E): Remote server did not respond
[26/Mar/2021:17:47:34] (E): {"errors":{"import_file_error":["Remote server did not respond"]},"error_data":[]}
[26/Mar/2021:17:47:34] (E): Failed to import Fichier média lemonade1.jpg . Remote server did not respond
[26/Mar/2021:17:47:34] (P): Processing attachment: https://s33834.pcdn.co/onboarding/wp-content/uploads/sites/173/2019/03/citronnade1.jpg...
[26/Mar/2021:17:47:34] (P): Fetching attachment from url: https://s33834.pcdn.co/onboarding/wp-content/uploads/sites/173/2019/03/citronnade1.jpg...
[26/Mar/2021:17:47:34] (E): Remote server did not respond
[26/Mar/2021:17:47:34] (E): {"errors":{"import_file_error":["Remote server did not respond"]},"error_data":[]}
[26/Mar/2021:17:47:34] (E): Failed to import Fichier média citronnade1.jpg . Remote server did not respond
[26/Mar/2021:17:47:34] (P): Processing attachment: https://s33834.pcdn.co/onboarding/wp-content/uploads/sites/173/2019/01/blog-3.jpg...
[26/Mar/2021:17:47:34] (P): Fetching attachment from url: https://s33834.pcdn.co/onboarding/wp-content/uploads/sites/173/2019/01/blog-3.jpg...
[26/Mar/2021:17:47:34] (E): Remote server did not respond
[26/Mar/2021:17:47:34] (E): {"errors":{"import_file_error":["Remote server did not respond"]},"error_data":[]}
[26/Mar/2021:17:47:34] (E): Failed to import Fichier média blog-3 . Remote server did not respond
[26/Mar/2021:17:47:34] (P): Processing attachment: https://s33834.pcdn.co/onboarding/wp-content/uploads/sites/173/2018/09/blog-2.jpg...
[26/Mar/2021:17:47:34] (P): Fetching attachment from url: https://s33834.pcdn.co/onboarding/wp-content/uploads/sites/173/2018/09/blog-2.jpg...
[26/Mar/2021:17:47:34] (E): Remote server did not respond
[26/Mar/2021:17:47:34] (E): {"errors":{"import_file_error":["Remote server did not respond"]},"error_data":[]}
[26/Mar/2021:17:47:34] (E): Failed to import Fichier média blog-2 . Remote server did not respond
[26/Mar/2021:17:47:34] (P): Processing attachment: https://s33834.pcdn.co/onboarding/wp-content/uploads/sites/173/2018/09/blog-1.jpg...
[26/Mar/2021:17:47:34] (P): Fetching attachment from url: https://s33834.pcdn.co/onboarding/wp-content/uploads/sites/173/2018/09/blog-1.jpg...
[26/Mar/2021:17:47:34] (E): Remote server did not respond
[26/Mar/2021:17:47:34] (E): {"errors":{"import_file_error":["Remote server did not respond"]},"error_data":[]}
[26/Mar/2021:17:47:34] (E): Failed to import Fichier média blog-1 . Remote server did not respond
[26/Mar/2021:17:47:34] (P): Inserting page: Home .
[26/Mar/2021:17:47:34] (S): Done inserting page: Home .
[26/Mar/2021:17:47:34] (P): Filtering elementor meta...
[26/Mar/2021:17:47:34] (S): Filtered elementor meta.
[26/Mar/2021:17:47:35] (P): Inserting custom_css: neve .
[26/Mar/2021:17:47:35] (S): Done inserting custom_css: neve .
[26/Mar/2021:17:47:35] (P): Processing attachment: https://s33834.pcdn.co/onboarding/wp-content/uploads/sites/173/2018/12/street-at-night.jpg...
[26/Mar/2021:17:47:35] (P): Fetching attachment from url: https://s33834.pcdn.co/onboarding/wp-content/uploads/sites/173/2018/12/street-at-night.jpg...
[26/Mar/2021:17:47:35] (E): Remote server did not respond
[26/Mar/2021:17:47:35] (E): {"errors":{"import_file_error":["Remote server did not respond"]},"error_data":[]}
[26/Mar/2021:17:47:35] (E): Failed to import Fichier média street-at-night . Remote server did not respond
[26/Mar/2021:17:47:35] (P): Processing single menu item ' About us '...
[26/Mar/2021:17:47:35] (S): Processed single menu item.
[26/Mar/2021:17:47:35] (P): Processing single menu item ' Our Focus '...
[26/Mar/2021:17:47:35] (S): Processed single menu item.
[26/Mar/2021:17:47:35] (P): Processing single menu item ' Our Team '...
[26/Mar/2021:17:47:35] (S): Processed single menu item.
[26/Mar/2021:17:47:35] (P): Processing single menu item ' Features '...
[26/Mar/2021:17:47:35] (S): Processed single menu item.
[26/Mar/2021:17:47:35] (P): Processing single menu item ' Pricing '...
[26/Mar/2021:17:47:35] (S): Processed single menu item.
[26/Mar/2021:17:47:35] (P): Processing single menu item ' Testimonials '...
[26/Mar/2021:17:47:35] (S): Processed single menu item.
[26/Mar/2021:17:47:35] (P): Processing single menu item ' Contact us '...
[26/Mar/2021:17:47:35] (S): Processed single menu item.
[26/Mar/2021:17:47:36] (P): Processing attachment: https://s33834.pcdn.co/onboarding/wp-content/uploads/sites/173/2019/03/fruits-mix-smoothie-new.jpg...
[26/Mar/2021:17:47:36] (P): Fetching attachment from url: https://s33834.pcdn.co/onboarding/wp-content/uploads/sites/173/2019/03/fruits-mix-smoothie-new.jpg...
[26/Mar/2021:17:47:36] (E): Remote server did not respond
[26/Mar/2021:17:47:36] (E): {"errors":{"import_file_error":["Remote server did not respond"]},"error_data":[]}
[26/Mar/2021:17:47:36] (E): Failed to import Fichier média fruits-mix-smoothie-new . Remote server did not respond
[26/Mar/2021:17:47:36] (P): Processing attachment: https://s33834.pcdn.co/onboarding/wp-content/uploads/sites/173/2019/03/cucumber-lime-water-new.jpg...
[26/Mar/2021:17:47:36] (P): Fetching attachment from url: https://s33834.pcdn.co/onboarding/wp-content/uploads/sites/173/2019/03/cucumber-lime-water-new.jpg...
[26/Mar/2021:17:47:36] (E): Remote server did not respond
[26/Mar/2021:17:47:36] (E): {"errors":{"import_file_error":["Remote server did not respond"]},"error_data":[]}
[26/Mar/2021:17:47:36] (E): Failed to import Fichier média cucumber-lime-water-new . Remote server did not respond
[26/Mar/2021:17:47:36] (P): Processing attachment: https://s33834.pcdn.co/onboarding/wp-content/uploads/sites/173/2019/03/apple-cucumbert-smoothie.jpg...
[26/Mar/2021:17:47:36] (P): Fetching attachment from url: https://s33834.pcdn.co/onboarding/wp-content/uploads/sites/173/2019/03/apple-cucumbert-smoothie.jpg...
[26/Mar/2021:17:47:36] (E): Remote server did not respond
[26/Mar/2021:17:47:36] (E): {"errors":{"import_file_error":["Remote server did not respond"]},"error_data":[]}
[26/Mar/2021:17:47:36] (E): Failed to import Fichier média apple-cucumbert-smoothie . Remote server did not respond
[26/Mar/2021:17:47:36] (P): Processing attachment: https://s33834.pcdn.co/onboarding/wp-content/uploads/sites/173/2019/03/apple-peppermint-smoothie-new.jpg...
[26/Mar/2021:17:47:36] (P): Fetching attachment from url: https://s33834.pcdn.co/onboarding/wp-content/uploads/sites/173/2019/03/apple-peppermint-smoothie-new.jpg...
[26/Mar/2021:17:47:36] (E): Remote server did not respond
[26/Mar/2021:17:47:36] (E): {"errors":{"import_file_error":["Remote server did not respond"]},"error_data":[]}
[26/Mar/2021:17:47:36] (E): Failed to import Fichier média apple-peppermint-smoothie-new . Remote server did not respond
[26/Mar/2021:17:47:36] (P): Processing single menu item ' '...
[26/Mar/2021:17:47:36] (P): Processing single menu item ' '...
[26/Mar/2021:17:47:36] (P): Processing attachment: https://s33834.pcdn.co/onboarding/wp-content/uploads/sites/173/2019/01/blog-4.jpg...
[26/Mar/2021:17:47:36] (P): Fetching attachment from url: https://s33834.pcdn.co/onboarding/wp-content/uploads/sites/173/2019/01/blog-4.jpg...
[26/Mar/2021:17:47:37] (E): Remote server did not respond
[26/Mar/2021:17:47:37] (E): {"errors":{"import_file_error":["Remote server did not respond"]},"error_data":[]}
[26/Mar/2021:17:47:37] (E): Failed to import Fichier média blog-4 . Remote server did not respond
[26/Mar/2021:17:47:37] (P): Processing single menu item ' Sections '...
[26/Mar/2021:17:47:37] (S): Processed single menu item.
[26/Mar/2021:17:47:37] (P): Processing attachment: https://s33834.pcdn.co/onboarding/wp-content/uploads/sites/173/woocommerce-placeholder.png...
[26/Mar/2021:17:47:37] (P): Fetching attachment from url: https://s33834.pcdn.co/onboarding/wp-content/uploads/sites/173/woocommerce-placeholder.png...
[26/Mar/2021:17:47:37] (E): Remote server did not respond
[26/Mar/2021:17:47:37] (E): {"errors":{"import_file_error":["Remote server did not respond"]},"error_data":[]}
[26/Mar/2021:17:47:37] (E): Failed to import Fichier média woocommerce-placeholder . Remote server did not respond
[26/Mar/2021:17:47:37] (P): Inserting page: Blog .
[26/Mar/2021:17:47:37] (S): Done inserting page: Blog .
[26/Mar/2021:17:47:37] (P): Inserting post: We rise by lifting others .
[26/Mar/2021:17:47:37] (S): Done inserting post: We rise by lifting others .
[26/Mar/2021:17:47:37] (P): Inserting post: Actually, you can .
[26/Mar/2021:17:47:37] (S): Done inserting post: Actually, you can .
[26/Mar/2021:17:47:37] (P): Inserting post: And so the adventure begins .
[26/Mar/2021:17:47:37] (S): Done inserting post: And so the adventure begins .
[26/Mar/2021:17:47:37] (P): Inserting post: Take the risk or lose the chance .
[26/Mar/2021:17:47:37] (S): Done inserting post: Take the risk or lose the chance .
[26/Mar/2021:17:47:37] (S): Processed posts.
[26/Mar/2021:17:47:37] (P): Processing single menu item ' '...
[26/Mar/2021:17:47:37] (P): Processing single menu item ' '...
[26/Mar/2021:17:47:37] (S): Menu item already exists.
[26/Mar/2021:17:47:37] (P): Cleaning up import with id ...
[26/Mar/2021:17:47:37] (P): Done cleanup. Flushing cache...
[26/Mar/2021:17:47:37] (P): Flushed cache. Removing temporary data..
[26/Mar/2021:17:47:37] (S): Done importing
[26/Mar/2021:17:47:37] (P): Busting elementor cache
[26/Mar/2021:17:47:37] (S): Front page set up with id: 91.
[26/Mar/2021:17:47:37] (P): Setting up shop page.
[26/Mar/2021:17:47:37] (S): No WooCommerce.
